commit 8ece320fbd2911123a348cd24ee69176cca735ab
Author: mnix13 <mnix@utexas.edu>
Date:   Thu Apr 20 16:34:26 2017 -0500

    updating issues on about

commit 043a7c52b69e98c9c69f12a06b3b3c31c0703cf0
Author: mnix13 <mnix@utexas.edu>
Date:   Thu Apr 20 15:55:07 2017 -0500

    fixing tools

commit 300a4117b49c5f285fa9a5127dbf893c82c7d338
Author: mnix13 <mnix@utexas.edu>
Date:   Thu Apr 20 15:51:58 2017 -0500

    updating tools on about

commit b1c3f95418d12fa096519c3021e2f83448403def
Author: Ian Mobbs <ianmobbs@gmail.com>
Date:   Thu Apr 20 15:06:49 2017 -0500

    fixed name issue

commit d6e15ef2e409add19c870def31f8634cbdfd144b
Author: Ian Mobbs <ianmobbs@gmail.com>
Date:   Thu Apr 20 14:52:35 2017 -0500

    Added 404

commit a2ee63aae90419a4bce0df6f108fdc335913d451
Author: Ian Mobbs <ianmobbs@gmail.com>
Date:   Thu Apr 20 14:49:32 2017 -0500

    Fixed bootswatch and made name come first

commit 910a00a4eb75fc0bc0bd554fc5529ed25043b8d8
Author: Arti Kumar <artikumar@wireless-10-145-150-70.public.utexas.edu>
Date:   Thu Apr 20 13:09:25 2017 -0500

    fixed pictures for Argentina and Italy cuisine pages

commit 4fca94226dca3d4b5d7c280b2a2dda81d48ed9ef
Author: Arti Kumar <artikumar@wireless-10-145-150-70.public.utexas.edu>
Date:   Thu Apr 20 13:01:17 2017 -0500

    fixed links in item pages

commit f9a067cc6a3f29a7fd033888350dac2aa399f3ac
Merge: 9894a91 349e09a
Author: Arti Kumar <artikumar@wireless-10-145-150-70.public.utexas.edu>
Date:   Thu Apr 20 11:49:35 2017 -0500

    fix merge conflicts

commit 349e09a4a7607cd90c48a869945abe64bfd3fe62
Author: Arti Kumar <artikumar@wireless-10-145-150-70.public.utexas.edu>
Date:   Thu Apr 20 11:38:13 2017 -0500

    added bootswatch theme and styling

commit 9894a91ec7ee1b1f0011ce4df63176d633d06caa
Author: NoahEscamilla <noah.escamilla@utexas.edu>
Date:   Thu Apr 20 09:25:08 2017 -0500

    fixing your shit

commit 2f8e03a351fb44f5334689450ac69188885bc394
Author: mnix13 <mnix@utexas.edu>
Date:   Wed Apr 19 14:33:29 2017 -0500

    fixing block error

commit e6e435092c6c27785239abde6fbd7e911f7a4a2a
Merge: 8dd2051 e86a0b5
Author: mnix13 <mnix@utexas.edu>
Date:   Wed Apr 19 14:28:00 2017 -0500

    updating colors and style

commit e86a0b5e0e41491ea2a55a15fb624886aeee793f
Author: mnix13 <mnix@utexas.edu>
Date:   Wed Apr 19 14:26:05 2017 -0500

    fixing background color and border color

commit 8dd20516bd6cedfc9f93c0ab079596cebce548aa
Merge: 4651e0d 02259bc
Author: mnix13 <mnix@utexas.edu>
Date:   Wed Apr 19 12:53:48 2017 -0500

    Merge branch 'dev2'

commit 02259bcf99ae61c161d5bffb82797046f4770e97
Author: mnix13 <mnix@utexas.edu>
Date:   Wed Apr 19 12:53:20 2017 -0500

    css styling

commit 4651e0dd1834cd91cdfab3f13fc553f87cbb409b
Merge: 3e30ae4 ac3b614
Author: mnix13 <mnix@utexas.edu>
Date:   Wed Apr 19 12:48:10 2017 -0500

    Merge branch 'dev2'

commit ac3b614bb6919dd21af4110d83fc0337f2a23a9a
Author: mnix13 <mnix@utexas.edu>
Date:   Wed Apr 19 12:47:44 2017 -0500

    updating border color

commit 3e30ae4e83960a9053df9c067ec259e4f0174875
Merge: 942ce67 08aa481
Author: mnix13 <mnix@utexas.edu>
Date:   Wed Apr 19 12:44:18 2017 -0500

    Merge branch 'dev2'

commit 08aa4811ec181347a7496d280e45dbe983597600
Author: mnix13 <mnix@utexas.edu>
Date:   Wed Apr 19 12:43:49 2017 -0500

    table border color

commit 942ce67747383bf1a3f9b84f0b026ed4878d7f51
Author: Ian Mobbs <ianmobbs@gmail.com>
Date:   Wed Apr 19 12:38:21 2017 -0500

    Moved colors to base, moved style to header

commit 51554e85d70de9bf9cfaf5f0892521d55e63fd67
Merge: 935ea9d be9acc7
Author: Ian Mobbs <ianmobbs@gmail.com>
Date:   Wed Apr 19 12:34:31 2017 -0500

    Merge branch 'master' of https://github.com/mnix13/mnix13.github.io
    
    my b

commit 935ea9df3c29a4334acc94c6f83cfb99abf3b7f7
Author: Ian Mobbs <ianmobbs@gmail.com>
Date:   Wed Apr 19 12:32:42 2017 -0500

    Added links to model (mostly)

commit be9acc7905fe47b4666668580cebf3c7dc27d8cc
Merge: 6c7a7fd 8f55ab6
Author: mnix13 <mnix@utexas.edu>
Date:   Wed Apr 19 12:32:12 2017 -0500

    Merge branch 'dev2'

commit 8f55ab605767c435a84267f70501b589926f1983
Author: mnix13 <mnix@utexas.edu>
Date:   Wed Apr 19 12:31:33 2017 -0500

    model backgrounds

commit 6c7a7fd54b9c53832d4103af6ec4cccf46d593be
Merge: c8cd8ba 80a3eb3
Author: mnix13 <mnix@utexas.edu>
Date:   Wed Apr 19 12:29:51 2017 -0500

    Merge branch 'dev2'

commit 80a3eb3fd8517fd086ec43e9f6f00330749c47f4
Author: mnix13 <mnix@utexas.edu>
Date:   Wed Apr 19 12:29:18 2017 -0500

    updating background for all pages

commit c8cd8bafaeddd9f2776cd8ab9dbd091518c0d813
Merge: 737f93b 047182c
Author: mnix13 <mnix@utexas.edu>
Date:   Wed Apr 19 12:26:34 2017 -0500

    Merge branch 'dev2'

commit 047182c9597078259ab45a648a66bb78f2907bdc
Author: mnix13 <mnix@utexas.edu>
Date:   Wed Apr 19 12:26:13 2017 -0500

    still fixing index

commit 737f93bf9480fcc28ff314c935a91739f0c5f209
Merge: d0fff08 05561b9
Author: mnix13 <mnix@utexas.edu>
Date:   Wed Apr 19 12:24:41 2017 -0500

    Merge branch 'master' of https://github.com/mnix13/mnix13.github.io

commit d0fff089433568108a81f2d8c933b00e55b54dc5
Merge: 39cfa8c cb878e0
Author: mnix13 <mnix@utexas.edu>
Date:   Wed Apr 19 12:24:26 2017 -0500

    Merge branch 'dev2'

commit cb878e0d4bad09e10c8b2787bbaa94fec850aaef
Author: mnix13 <mnix@utexas.edu>
Date:   Wed Apr 19 12:23:14 2017 -0500

    fixing white text

commit 05561b98b4e57995711f3f8b3d58f6539e290b7c
Merge: 3ab4374 39cfa8c
Author: Ian Mobbs <ianmobbs@gmail.com>
Date:   Wed Apr 19 12:22:19 2017 -0500

    Merge branch 'master' of https://github.com/mnix13/mnix13.github.io
    
    done

commit 3ab43744ba93f9dd8891ef7fa010caa28f7a68fd
Merge: 0c28ed3 4e2b9db
Author: Ian Mobbs <ianmobbs@gmail.com>
Date:   Wed Apr 19 12:22:00 2017 -0500

    Merge branch 'master' of https://github.com/mnix13/mnix13.github.io

commit 39cfa8c4933f8d24d9b81a8e7b9e56f945b40fd5
Merge: 4e2b9db e88b88c
Author: mnix13 <mnix@utexas.edu>
Date:   Wed Apr 19 12:21:53 2017 -0500

    Merge branch 'dev2'

commit 0c28ed321e555d69c27f7b1e6cd91f624532b86e
Author: Ian Mobbs <ianmobbs@gmail.com>
Date:   Wed Apr 19 12:21:37 2017 -0500

    Git pulled

commit e88b88c3cd1b4c0d7eb8b42223dd16a970f76abf
Author: mnix13 <mnix@utexas.edu>
Date:   Wed Apr 19 12:21:27 2017 -0500

    update heading on index to be white

commit d8ee171cdb9223c6b322f83808eff8ac8091d5fb
Author: Ian Mobbs <ianmobbs@gmail.com>
Date:   Wed Apr 19 12:19:48 2017 -0500

    Revamped links

commit 4e2b9db1ddc4756232b6dd0c37f7745def59fc17
Merge: 0dd4232 9a49adb
Author: mnix13 <mnix@utexas.edu>
Date:   Wed Apr 19 12:17:29 2017 -0500

    Merge branch 'dev2'

commit 9a49adbfb1be1a56fe4c8e380ea6a96adc4267b3
Author: mnix13 <mnix@utexas.edu>
Date:   Wed Apr 19 12:16:56 2017 -0500

    center slideshow on index

commit 0dd423266ab2ff40ec409a69fc07b8b61999d51b
Merge: 73a07ed b5a4510
Author: mnix13 <mnix@utexas.edu>
Date:   Wed Apr 19 12:14:48 2017 -0500

    Merge branch 'dev2'

commit b5a45100f75a1b8119cf444fac7fc1e5fff9d76c
Author: mnix13 <mnix@utexas.edu>
Date:   Wed Apr 19 12:14:19 2017 -0500

    update about and index backgrounds

commit 73a07edf2a967a79968d3e33481d15be936b02fd
Author: Ian Mobbs <ianmobbs@gmail.com>
Date:   Wed Apr 19 12:07:50 2017 -0500

    Added links to itempage

commit d398b7f2032dd0497b3839d56efb8e7fc82e522c
Author: Ian Mobbs <ianmobbs@gmail.com>
Date:   Wed Apr 19 11:59:50 2017 -0500

    Serve static files

commit 81de7fa9793582be6a178d8c6ebf1047c15eb33d
Author: Ian Mobbs <ianmobbs@gmail.com>
Date:   Wed Apr 19 11:47:50 2017 -0500

    Added cuisine to recipe

commit eb532e0eacd36bda1572e3d7668510fcd25aa2f6
Author: mnix13 <mnix@utexas.edu>
Date:   Wed Apr 19 11:16:25 2017 -0500

    adding background to about

commit cb4df4cf740508aeaf04a46e66dc14bdfc2cfb54
Author: mnix13 <mnix@utexas.edu>
Date:   Wed Apr 19 10:48:09 2017 -0500

    updating about

commit e8e80c93351826d7b60f631f174e837e5395af89
Merge: 03cb082 d25bc77
Author: mnix13 <mnix@utexas.edu>
Date:   Wed Apr 19 10:38:14 2017 -0500

    updating local

commit 03cb082d05f2c9d8b98d0e785546f6f35a470938
Author: mnix13 <mnix@utexas.edu>
Date:   Wed Apr 19 10:37:02 2017 -0500

    trying to pull changes

commit d25bc77598f4f7687ad0aa97aecca74f8d73a1d0
Author: DESKTOP-97VBMJ4\cassa <cassandrag0626@Utexas.edu>
Date:   Tue Apr 18 22:09:18 2017 -0500

    updated tool abouts.html

commit 7d3f4ceaaa39d323f9e209a0b1a6cb300eefcbfa
Author: DESKTOP-97VBMJ4\cassa <cassandrag0626@Utexas.edu>
Date:   Tue Apr 18 21:50:25 2017 -0500

    udpdated tools in about.html

commit 8f55b52e4df941127c59f3a5a04936c119e8c4e1
Author: DESKTOP-97VBMJ4\cassa <cassandrag0626@Utexas.edu>
Date:   Tue Apr 18 21:50:07 2017 -0500

    udpdated tools in about.html

commit d4fd337d48e20e4218d2c9734164708bc55fc4da
Author: DESKTOP-97VBMJ4\cassa <cassandrag0626@Utexas.edu>
Date:   Tue Apr 18 21:42:25 2017 -0500

    added speaker desk presentation

commit 8f3aaf5c9e5c37d14cf7839fd2ccbc07a8c6a20a
Author: DESKTOP-97VBMJ4\cassa <cassandrag0626@Utexas.edu>
Date:   Tue Apr 18 21:42:08 2017 -0500

    added speaker desk presentation

commit de12653f3872e8b293395228db22cfa720940114
Author: DESKTOP-97VBMJ4\cassa <cassandrag0626@Utexas.edu>
Date:   Tue Apr 18 20:31:56 2017 -0500

    changed cassandra.jpg

commit c152d08847a02ce909aabef218d1acf1a975c8f6
Author: Ian Mobbs <ianmobbs@gmail.com>
Date:   Mon Apr 17 13:44:41 2017 -0500

    Prettification

commit 6a08d0d1f564aec95eeecb80826e4e7a6b9e707f
Author: Ian Mobbs <ianmobbs@gmail.com>
Date:   Mon Apr 17 13:41:59 2017 -0500

    Added model to template and links

commit 3dd283258b7adad15503fe90678cc8ec136ff2f6
Author: Ian Mobbs <ianmobbs@gmail.com>
Date:   Mon Apr 17 13:07:56 2017 -0500

    Revamped site to use Flask. Check ianmobbs/cs329e-idb for details

commit 0e1d3a368f98dd444642a461b9e9b364b64b2ab8
Merge: 676ec5c cf18c43
Author: mnix13 <mnix@utexas.edu>
Date:   Thu Apr 6 18:12:41 2017 -0500

    Merge branch 'dev'

commit cf18c430cd163caf62ef72ca1f08b7e06829242b
Author: mnix13 <mnix@utexas.edu>
Date:   Thu Apr 6 18:12:16 2017 -0500

    updated commits nums on About and commit log

commit 676ec5cbb6aa3eae58f69e78876f8ea00a514435
Merge: 2fad443 534081f
Author: mnix13 <mnix@utexas.edu>
Date:   Thu Apr 6 13:44:15 2017 -0500

    Merge branch 'dev'

commit 534081f1bd28c0b83c128eda8415de1a4b007165
Author: mnix13 <mnix@utexas.edu>
Date:   Thu Apr 6 13:43:57 2017 -0500

    updated about with commits and created IDB2.log

commit 2fad443347f8ea5d0fc86b3ccad1943b5d872367
Merge: 26bd326 84665ff
Author: mnix13 <mnix@utexas.edu>
Date:   Thu Apr 6 12:36:22 2017 -0500

    Merge branch 'dev'

commit 84665ffad76cf75795c3ebb8f22cc6e3b0b5e872
Author: mnix13 <mnix@utexas.edu>
Date:   Thu Apr 6 12:35:58 2017 -0500

    added json files to repo

commit 26bd326d5f116d614dc03276caa34e6a2b8db2c3
Merge: 5ca7023 29acbc3
Author: mnix13 <mnix@utexas.edu>
Date:   Tue Apr 4 21:23:18 2017 -0500

    Merge branch 'dev'

commit 29acbc393c244b469dcf2af0fa1ed4d9c7c3ea70
Author: mnix13 <mnix@utexas.edu>
Date:   Tue Apr 4 21:22:58 2017 -0500

    bolded names on about and updated tools

commit 5ca702339f0de32bd602f54cf5fe70effe1a4837
Merge: d649846 6ef843b
Author: mnix13 <mnix@utexas.edu>
Date:   Tue Apr 4 21:19:03 2017 -0500

    Merge branch 'dev'

commit 6ef843bc51662b26059bc56c57dde27f1426be82
Author: mnix13 <mnix@utexas.edu>
Date:   Tue Apr 4 21:18:42 2017 -0500

    more spacing on about

commit d64984623d0debf8976b7830b2289cb5d3504a26
Merge: dd3f10a a8baa00
Author: mnix13 <mnix@utexas.edu>
Date:   Tue Apr 4 21:14:01 2017 -0500

    Merge branch 'dev'

commit a8baa0005a57be800e11b155d171444bc78a72f5
Author: mnix13 <mnix@utexas.edu>
Date:   Tue Apr 4 21:13:38 2017 -0500

    testing about spacing

commit dd3f10a8d5f752cae8f880f93cce6ec24e43d72e
Merge: 46a2474 fcbeff6
Author: mnix13 <mnix@utexas.edu>
Date:   Tue Apr 4 21:08:18 2017 -0500

    Merge branch 'dev'

commit fcbeff66a3b75f0fe5105a030176f98b1b97a14d
Author: mnix13 <mnix@utexas.edu>
Date:   Tue Apr 4 21:07:58 2017 -0500

    spacing on about

commit 46a24740c7abc087c986c525dd90ee56e73396a1
Merge: 3d7e436 9323d77
Author: mnix13 <mnix@utexas.edu>
Date:   Tue Apr 4 21:06:36 2017 -0500

    Merge branch 'dev'

commit 9323d77ac75f87ec42638bd4992228966595520b
Author: mnix13 <mnix@utexas.edu>
Date:   Tue Apr 4 21:06:18 2017 -0500

    updated responsibilites on about

commit 3d7e436c731ba48b7c914f0a71000864c873eb19
Merge: 45d11ac 9128947
Author: mnix13 <mnix@utexas.edu>
Date:   Tue Apr 4 20:58:22 2017 -0500

    Merge branch 'dev'

commit 91289473c3e14c6bdba5a63bd29fe50b5815764c
Author: mnix13 <mnix@utexas.edu>
Date:   Tue Apr 4 20:57:56 2017 -0500

    italian globe pic

commit 45d11ac13ad87583e5cbe4112cffb45608d7194b
Merge: f6d2d14 abc7535
Author: mnix13 <mnix@utexas.edu>
Date:   Tue Apr 4 20:44:55 2017 -0500

    Merge branch 'dev'

commit abc7535f86e33b721f07224769473366bc9c3501
Author: mnix13 <mnix@utexas.edu>
Date:   Tue Apr 4 20:44:29 2017 -0500

    fixing links and pictures

commit f6d2d143674b9a87b1172c3d46fe56773d856a2d
Merge: 117eb0c 9c1d180
Author: mnix13 <mnix@utexas.edu>
Date:   Tue Apr 4 20:27:24 2017 -0500

    Merge branch 'dev'

commit 9c1d180b3c8f3905fe6e652327b31ef26e9c6095
Author: mnix13 <mnix@utexas.edu>
Date:   Tue Apr 4 20:26:55 2017 -0500

    chicken alfredo tutorial

commit 117eb0cd15055b34f89eac5da25df0fef9d7f28d
Merge: 9e83033 5362764
Author: mnix13 <mnix@utexas.edu>
Date:   Tue Apr 4 20:21:14 2017 -0500

    Merge branch 'dev'

commit 53627642969df22d905f042dd17baca2bb09993d
Author: mnix13 <mnix@utexas.edu>
Date:   Tue Apr 4 20:20:50 2017 -0500

    updating recipes

commit 9e83033df9a4268b47dc71676a4ea144adca114f
Author: DESKTOP-97VBMJ4\cassa <cassandrag0626@Utexas.edu>
Date:   Tue Apr 4 18:19:43 2017 -0500

    fixed image/link for parsley...

commit 9a1cd05a5bda5b56f2b052ca5210601e94e3bd76
Author: DESKTOP-97VBMJ4\cassa <cassandrag0626@Utexas.edu>
Date:   Tue Apr 4 18:18:25 2017 -0500

    fixed image/link for chimichurri...

commit ca1854efc18768011e5db57f91e0e32d91562617
Author: DESKTOP-97VBMJ4\cassa <cassandrag0626@Utexas.edu>
Date:   Tue Apr 4 18:17:05 2017 -0500

    fixed small typo in argentinain.html

commit 1bbb5fcb0d76e328ed02bd0566ce26bae59f1d98
Author: DESKTOP-97VBMJ4\cassa <cassandrag0626@Utexas.edu>
Date:   Tue Apr 4 18:15:05 2017 -0500

    updated other pages for indiv models

commit 83af261b7e025dbed0460433a54270c4847e14f3
Merge: 654a53c a3d2e6b
Author: mnix13 <mnix@utexas.edu>
Date:   Tue Apr 4 17:37:22 2017 -0500

    Merge branch 'dev' of https://github.com/mnix13/mnix13.github.io into dev

commit 654a53c9fac0b922ff1fe975e352e6c2650ea9d4
Author: mnix13 <mnix@utexas.edu>
Date:   Tue Apr 4 17:36:44 2017 -0500

    updated cuisines with italian

commit a3d2e6b5f8373189e7eb108787d9dc3ebe874282
Author: DESKTOP-97VBMJ4\cassa <cassandrag0626@Utexas.edu>
Date:   Tue Apr 4 17:32:42 2017 -0500

    updated nav bar

commit b8b795f5fa809e5b2d56709d3c6261a3741cc5bf
Author: DESKTOP-97VBMJ4\cassa <cassandrag0626@Utexas.edu>
Date:   Tue Apr 4 17:30:57 2017 -0500

    updated nav bar on aobut.html

commit 7b04ba649c0bf9f06ae855a61e50b8e5df1792be
Author: DESKTOP-97VBMJ4\cassa <cassandrag0626@Utexas.edu>
Date:   Tue Apr 4 17:27:59 2017 -0500

    updated nav bar

commit 41910bc4495871558b25e82969ab073ed134b58c
Author: DESKTOP-97VBMJ4\cassa <cassandrag0626@Utexas.edu>
Date:   Tue Apr 4 17:24:14 2017 -0500

    updated nav bar

commit 4a49c09fe6271d73b2888c310ded8ea202080610
Author: DESKTOP-97VBMJ4\cassa <cassandrag0626@Utexas.edu>
Date:   Tue Apr 4 17:19:00 2017 -0500

    trying to get holyTrinity.html to display image

commit 8216467b9dff5bc88544cc696f777c964d14a049
Merge: 0696491 76aca2b
Author: DESKTOP-97VBMJ4\cassa <cassandrag0626@Utexas.edu>
Date:   Tue Apr 4 17:15:10 2017 -0500

    Merge branch 'dev' of https://github.com/mnix13/mnix13.github.io into dev

commit 06964914b0f865b4599b2e4e67444a852f83ddbe
Author: DESKTOP-97VBMJ4\cassa <cassandrag0626@Utexas.edu>
Date:   Tue Apr 4 17:14:47 2017 -0500

    testing to see holy tirnity img work

commit 76aca2bd0fc522d522be53337820bd0de6c5c3c0
Author: mnix13 <mnix@utexas.edu>
Date:   Tue Apr 4 17:13:53 2017 -0500

    updating all ingredient instances

commit 13a163c852928daf0d65a197287e9491e2ec9a26
Author: mnix13 <mnix@utexas.edu>
Date:   Tue Apr 4 16:57:48 2017 -0500

    still on ingredients

commit 3bfd74e9f181265862a9712b2d456a2ef3824c39
Merge: 4376bce 39d05a0
Author: mnix13 <mnix@utexas.edu>
Date:   Tue Apr 4 15:48:59 2017 -0500

    Merge branch 'dev'

commit 39d05a045cd10d6d785de3ea58c35f4e699cccbf
Author: mnix13 <mnix@utexas.edu>
Date:   Tue Apr 4 15:47:49 2017 -0500

    updates to ingredients

commit 4376bce8f2c04ef66fdedcb65a4d28ee73cc081c
Merge: d02f3c0 1f24651
Author: mnix13 <mnix@utexas.edu>
Date:   Tue Apr 4 15:39:36 2017 -0500

    Merge branch 'dev'

commit 1f24651b09687a5123de5c95d71bc535683948a7
Author: mnix13 <mnix@utexas.edu>
Date:   Tue Apr 4 15:39:10 2017 -0500

    fixed all links on ingredients

commit d02f3c06b52bb530e2fd7bfff63ef46dc058f2ad
Merge: 644206b 6ccf7b3
Author: mnix13 <mnix@utexas.edu>
Date:   Tue Apr 4 15:27:49 2017 -0500

    Merge branch 'dev'

commit 6ccf7b382476c1e60ec46bf2f64e253ec345d33b
Author: mnix13 <mnix@utexas.edu>
Date:   Tue Apr 4 15:27:27 2017 -0500

    fixed chicken link

commit 644206b098d3cfd6653a84f1a6db5f2d75ed2dc2
Merge: 3a26648 f08a666
Author: mnix13 <mnix@utexas.edu>
Date:   Tue Apr 4 15:17:40 2017 -0500

    Merge branch 'mobbs-dev'

commit f08a6661e1073f7b9330479918eda8ed85bff471
Author: mnix13 <mnix@utexas.edu>
Date:   Tue Apr 4 15:17:06 2017 -0500

    updated ingredients page

commit 3a26648992b301de0c62abc484c71e3b0b2d3289
Merge: 260eac6 f76113e
Author: Ian Mobbs <ianmobbs@gmail.com>
Date:   Tue Apr 4 12:43:34 2017 -0500

    Merge branch 'master' of https://github.com/mnix13/mnix13.github.io

commit 260eac6ba779c1325373328d70b3af5f4183bf9e
Author: Ian Mobbs <ianmobbs@gmail.com>
Date:   Tue Apr 4 12:43:23 2017 -0500

    added main page backlinks

commit f76113e786450bdd56279bc1b6e3b3b10e8cb9bd
Merge: 89cf824 78582d3
Author: mnix13 <mnix@utexas.edu>
Date:   Tue Apr 4 12:42:42 2017 -0500

    Merge branch 'master' of https://github.com/mnix13/mnix13.github.io

commit 89cf824a38ddec429401dbe09547998f8d7fba57
Merge: 9f4a6d0 b101b21
Author: mnix13 <mnix@utexas.edu>
Date:   Tue Apr 4 12:42:00 2017 -0500

    Merge branch 'dev'

commit b101b217dea39ec716a34b7bf950e338a52fee7d
Author: mnix13 <mnix@utexas.edu>
Date:   Tue Apr 4 12:41:18 2017 -0500

    updated chicken on ingredients page

commit 78582d330907cb5e866d3f5349494ec66d54f9ce
Author: Ian Mobbs <ianmobbs@gmail.com>
Date:   Tue Apr 4 12:41:01 2017 -0500

    Added backlinks

commit 0afba35e5941150c967f843e9ba4cd069457ea81
Author: Ian Mobbs <ianmobbs@gmail.com>
Date:   Tue Apr 4 12:36:42 2017 -0500

    Added chimichurri

commit 18f5bfe47c1c74066208e6d3436d692592c5d086
Author: Ian Mobbs <ianmobbs@gmail.com>
Date:   Tue Apr 4 12:31:25 2017 -0500

    Added parsley

commit 4032dd0a40d832db692afb3f420a835c525be54c
Author: Ian Mobbs <ianmobbs@gmail.com>
Date:   Tue Apr 4 12:23:03 2017 -0500

    Added argentinian cuisine

commit 9f4a6d0b0d50ee9a37971c7d3cf5309db3fa776a
Merge: c747272 cdaa5dd
Author: mnix13 <mnix@utexas.edu>
Date:   Tue Apr 4 12:03:03 2017 -0500

    Merge branch 'dev'

commit cdaa5dd2bd2b4b999cdebb7bd8a5cb49f3e871a7
Author: mnix13 <mnix@utexas.edu>
Date:   Tue Apr 4 12:02:39 2017 -0500

    adding chicken, italian, and alfredo

commit c74727222051c6046b0aa6c4ff27e0b3b44694d2
Author: DESKTOP-97VBMJ4\cassa <cassandrag0626@Utexas.edu>
Date:   Mon Apr 3 17:07:16 2017 -0500

    changed img name of holy trinity

commit ae105ee327c2b03da88f879a007f9adc0c253b0f
Author: DESKTOP-97VBMJ4\cassa <cassandrag0626@Utexas.edu>
Date:   Mon Apr 3 17:01:56 2017 -0500

    updated nav bar on all pages

commit 2b4db6b31841446e488a0da148384dc94b5fb3b6
Author: DESKTOP-97VBMJ4\cassa <cassandrag0626@Utexas.edu>
Date:   Mon Apr 3 16:41:22 2017 -0500

    updated calorie information for holy trinity

commit 1a48098e51267dd2572dd74e92c877cee108340e
Author: DESKTOP-97VBMJ4\cassa <cassandrag0626@Utexas.edu>
Date:   Mon Apr 3 16:35:39 2017 -0500

    trying to get img of holy trinity on recipes to display...

commit f3d60792010962857148ba99e6394707a7803820
Author: DESKTOP-97VBMJ4\cassa <cassandrag0626@Utexas.edu>
Date:   Mon Apr 3 16:33:39 2017 -0500

    updated bell pepper page and updated holy trininty img

commit fc96eb4b5580e438eb053df92210b68f4918e3a1
Author: DESKTOP-97VBMJ4\cassa <cassandrag0626@Utexas.edu>
Date:   Mon Apr 3 16:29:06 2017 -0500

    added holy trinity image

commit b0b1f2a69dc32875c7a5386ca87a7780b2b602e0
Author: DESKTOP-97VBMJ4\cassa <cassandrag0626@Utexas.edu>
Date:   Mon Apr 3 16:22:44 2017 -0500

    updated inidividual ingredient pages

commit fb560e7eb654e3ea249b458734e222eda26ce02e
Author: DESKTOP-97VBMJ4\cassa <cassandrag0626@Utexas.edu>
Date:   Mon Apr 3 16:20:21 2017 -0500

    modified more for cajun and bell peppers

commit d1f627844dee7742bc68f9e4f50423b7dbf95949
Author: DESKTOP-97VBMJ4\cassa <cassandrag0626@Utexas.edu>
Date:   Mon Apr 3 16:13:47 2017 -0500

    modified more for cajun and bell peppers

commit 7ff466c845409bbe988843c76cc6c36a96ad20e5
Author: DESKTOP-97VBMJ4\cassa <cassandrag0626@Utexas.edu>
Date:   Mon Apr 3 16:09:18 2017 -0500

    updated navbar

commit 87df5d613ad8b22aaef5d04edd02c6aa1851cbb5
Author: DESKTOP-97VBMJ4\cassa <cassandrag0626@Utexas.edu>
Date:   Mon Apr 3 16:05:20 2017 -0500

    updated all pages containing cajun, bellpepper additions

commit 305ac568bda282ccc36936b8b62a9431e1671a98
Author: DESKTOP-97VBMJ4\cassa <cassandrag0626@Utexas.edu>
Date:   Mon Apr 3 15:59:39 2017 -0500

    ..

commit fee0aea2ca9c74fa048025bd3b061a8c3c5e6522
Author: DESKTOP-97VBMJ4\cassa <cassandrag0626@Utexas.edu>
Date:   Mon Apr 3 15:55:02 2017 -0500

    updated files for bell peppers ingredients and cajun cusiine

commit 2648a426a6c61d483d1eb2e56e45d757b0dc2e40
Author: DESKTOP-97VBMJ4\cassa <cassandrag0626@Utexas.edu>
Date:   Mon Apr 3 15:48:39 2017 -0500

    added gulfcoast.jpg

commit 70501af9d68c1f0bfc38314fad1de02520a0159d
Author: DESKTOP-97VBMJ4\cassa <cassandrag0626@Utexas.edu>
Date:   Mon Apr 3 15:47:12 2017 -0500

    added gulfcoast.jpg

commit f1d65f11fc3b8e1af7558bea491e29a8db08027a
Author: DESKTOP-97VBMJ4\cassa <cassandrag0626@Utexas.edu>
Date:   Mon Apr 3 15:43:09 2017 -0500

    updated .jpg of cajun img to .png

commit f051e02ebfcd415f86646653b62d66c92e7053c7
Author: DESKTOP-97VBMJ4\cassa <cassandrag0626@Utexas.edu>
Date:   Mon Apr 3 15:42:17 2017 -0500

    updated img for cajun cuisine

commit 6a27817c2bcbea96ea94ede99398d02bc40df8c4
Author: DESKTOP-97VBMJ4\cassa <cassandrag0626@Utexas.edu>
Date:   Mon Apr 3 15:31:31 2017 -0500

    added Bell Peppers ingredient to ingredients.html

commit f83962c96dd09fe9cdd4834586a9c4d95167e9a1
Author: DESKTOP-97VBMJ4\cassa <cassandrag0626@Utexas.edu>
Date:   Mon Apr 3 15:25:41 2017 -0500

    added cajun cuisine to cuisine.html

commit aec99dc4673806f44654dcf9a7b8afcf64fb9049
Author: NoahEscamilla <noah.escamilla@utexas.edu>
Date:   Mon Apr 3 11:58:57 2017 -0500

    troubleshooting js part 2 electric boogaloo

commit 5809264f4463b5986f75567557e97a5e50e975bb
Author: NoahEscamilla <noah.escamilla@utexas.edu>
Date:   Mon Apr 3 11:56:06 2017 -0500

    troubleshooting js

commit 5a625c11025269be39e95afff409b6d48db4408d
Author: NoahEscamilla <noah.escamilla@utexas.edu>
Date:   Mon Apr 3 11:50:35 2017 -0500

    fixing more bugs on cuisine page part 2

commit 0149e596e8f17e9d7693cc657b766a60b298c53d
Author: NoahEscamilla <noah.escamilla@utexas.edu>
Date:   Mon Apr 3 11:32:06 2017 -0500

    fixing more bugs on cuisine page

commit 48db6776f7ffb18a84084bfdcb48f5afd4b6f979
Author: NoahEscamilla <noah.escamilla@utexas.edu>
Date:   Mon Apr 3 11:28:27 2017 -0500

    fixing cuisine page bug

commit 6a5a215c6df47df83abbf70f37bd5af8cf1c395b
Author: NoahEscamilla <noah.escamilla@utexas.edu>
Date:   Sun Apr 2 19:09:15 2017 -0500

    oops accidentally deleted the cuisines

commit 9972b0c228582bc5eec5e8aa8599c7628b35c940
Merge: cdfdde3 a0fd5db
Author: NoahEscamilla <noah.escamilla@utexas.edu>
Date:   Sun Apr 2 19:08:05 2017 -0500

    what is happening

commit a0fd5dbe6b2e02d723c96ee5282b595d0a39c06a
Author: NoahEscamilla <noah.escamilla@utexas.edu>
Date:   Sun Apr 2 18:40:26 2017 -0500

    added new cuisine

commit cdfdde3a475ba5791f17ef35f9aee6460d09fb6f
Merge: 91b6968 bb426db
Author: NoahEscamilla <noah.escamilla@utexas.edu>
Date:   Sun Apr 2 18:05:18 2017 -0500

    Merge branch 'dev'

commit bb426db5cace5c7213ed05d7e5d5b2ce5772d769
Author: NoahEscamilla <noah.escamilla@utexas.edu>
Date:   Sun Apr 2 17:35:31 2017 -0500

    added 3 pages

commit 91b69685d7259148b04722d6d26f866830775f27
Author: NoahEscamilla <noah.escamilla@utexas.edu>
Date:   Sun Apr 2 16:29:56 2017 -0500

    ingredient changes

commit c2eaf9660c423ed70238af31d312dcf86c228772
Merge: f5fdc14 35346df
Author: NoahEscamilla <noah.escamilla@utexas.edu>
Date:   Fri Mar 31 12:44:28 2017 -0500

    Merge branch 'master' of https://github.com/mnix13/mnix13.github.io

commit f5fdc141f0d9541cd7fdb108c954edfc25e31931
Author: NoahEscamilla <noah.escamilla@utexas.edu>
Date:   Fri Mar 31 12:44:16 2017 -0500

    added pagination, sorting, searching to each page

commit 35346df6133ad526b0623bd5aa0464cad3dbe7fc
Merge: f32bdfc 30d16e1
Author: mnix13 <mnix@utexas.edu>
Date:   Thu Mar 23 18:43:51 2017 -0500

    Merge branch 'dev'

commit 30d16e1bd4eff4f3135b20c3af80809360dc44f7
Author: mnix13 <mnix@utexas.edu>
Date:   Thu Mar 23 18:43:24 2017 -0500

    add log file

commit f32bdfc062afafc5991830ab42aaaa16ae6ebbaa
Merge: 4ab6a4a 0f68832
Author: mnix13 <mnix@utexas.edu>
Date:   Thu Mar 23 18:40:50 2017 -0500

    Merge branch 'dev'

commit 0f688323ccd8a2723411b7bb836aeec59e3b8ee8
Author: mnix13 <mnix@utexas.edu>
Date:   Thu Mar 23 18:40:28 2017 -0500

    updated about with num of commits and issues

commit 4ab6a4a535c2396bb210a459914c2f91f8b0f85d
Merge: 9e47096 ac842dd
Author: mnix13 <mnix@utexas.edu>
Date:   Thu Mar 23 18:22:26 2017 -0500

    Merge branch 'dev'

commit ac842ddd657dc0cdef1ce4f198b861855fb551c1
Author: mnix13 <mnix@utexas.edu>
Date:   Thu Mar 23 18:21:53 2017 -0500

    pic again

commit 9e47096c641f1915ef3af7c22c30a67f55395324
Merge: 09d3292 77c245d
Author: mnix13 <mnix@utexas.edu>
Date:   Thu Mar 23 18:17:23 2017 -0500

    Merge branch 'dev'

commit 77c245d6dc4f205ace7a509ed6da68d9c2aa0e84
Author: mnix13 <mnix@utexas.edu>
Date:   Thu Mar 23 18:17:04 2017 -0500

    add pic

commit 09d3292b9ed1664976067b9fddb10098803d60d6
Merge: 1c942bf 5aab696
Author: mnix13 <mnix@utexas.edu>
Date:   Thu Mar 23 18:16:04 2017 -0500

    Merge branch 'dev'

commit 5aab696a146309693c774a32d62127ffceb9b43d
Author: mnix13 <mnix@utexas.edu>
Date:   Thu Mar 23 18:15:44 2017 -0500

    updated bkg

commit 1c942bfa304ae973646a4102c5e8aab2a7797507
Merge: fc6bda9 7163deb
Author: mnix13 <mnix@utexas.edu>
Date:   Thu Mar 23 18:12:24 2017 -0500

    Merge branch 'dev'

commit 7163debb55c2f4a79334a8026e3959dbe0e4c94d
Author: mnix13 <mnix@utexas.edu>
Date:   Thu Mar 23 18:12:04 2017 -0500

    center words

commit fc6bda9f25253d97e2fd9793cc3ecc24d612ef8d
Merge: ab06c76 1a2e75e
Author: mnix13 <mnix@utexas.edu>
Date:   Thu Mar 23 18:06:31 2017 -0500

    Merge branch 'dev'

commit 1a2e75e2abe1864af93e4d68fec8daa31a95d6e4
Author: mnix13 <mnix@utexas.edu>
Date:   Thu Mar 23 18:04:17 2017 -0500

    splash bkg

commit ab06c76d40995bafe7620f1d1901472dde22d6f0
Merge: 3b7705d f907ba7
Author: mnix13 <mnix@utexas.edu>
Date:   Thu Mar 23 18:02:20 2017 -0500

    Merge branch 'dev'

commit f907ba7249c1d64ec99fa38bc199eac20edd6e7a
Merge: 670174c 44ed3a7
Author: mnix13 <mnix@utexas.edu>
Date:   Thu Mar 23 18:01:43 2017 -0500

    Merge branch 'dev' of https://github.com/mnix13/mnix13.github.io into dev

commit 670174cd36e372dfa4bf800db72ba44456d8e283
Author: mnix13 <mnix@utexas.edu>
Date:   Thu Mar 23 18:01:23 2017 -0500

    background for splash

commit 3b7705dcde2b2413ba05f35d4b250e5087d3964f
Merge: 67872b2 44ed3a7
Author: DESKTOP-97VBMJ4\cassa <cassandrag0626@Utexas.edu>
Date:   Thu Mar 23 17:55:20 2017 -0500

    Merge branch 'dev'

commit 44ed3a70c1293f7ad4b1da7da52488c5cae56f81
Author: DESKTOP-97VBMJ4\cassa <cassandrag0626@Utexas.edu>
Date:   Thu Mar 23 17:55:03 2017 -0500

    added info to .json

commit 67872b280ace2dfa26810c10ccb056b4d3127080
Author: DESKTOP-97VBMJ4\cassa <cassandrag0626@Utexas.edu>
Date:   Thu Mar 23 17:54:22 2017 -0500

    added info to .json

commit f84595ef1443321de7e206573e692fbe8978fb38
Author: DESKTOP-97VBMJ4\cassa <cassandrag0626@Utexas.edu>
Date:   Thu Mar 23 17:52:15 2017 -0500

    added info to .json

commit 3270a11194d7b2e69b2f7b7172e4307bf343f54c
Author: NoahEscamilla <noah.escamilla@utexas.edu>
Date:   Thu Mar 23 17:50:46 2017 -0500

    added JSON info

commit 2e17e80dc4a32d32206de2c3e8c922dd7576cead
Merge: 898efb5 50c34c4
Author: NoahEscamilla <noah.escamilla@utexas.edu>
Date:   Thu Mar 23 14:47:43 2017 -0500

    Merge branch 'dev'

commit 50c34c4b6c10ea817afde2410c87cc740e770f57
Author: NoahEscamilla <noah.escamilla@utexas.edu>
Date:   Thu Mar 23 14:47:28 2017 -0500

    centering slideshow

commit 898efb568f48442652811333f5794aef5cb48445
Merge: e2adecb 70e7594
Author: NoahEscamilla <noah.escamilla@utexas.edu>
Date:   Thu Mar 23 14:42:30 2017 -0500

    Merge branch 'dev'

commit 70e75945ce3c5960d84ff1a7bd7ab0aad234261a
Author: NoahEscamilla <noah.escamilla@utexas.edu>
Date:   Thu Mar 23 14:42:12 2017 -0500

    centering elements

commit e2adecbcaf9f67768783de9fd731175ee4ae1273
Merge: b3c9901 54e891b
Author: NoahEscamilla <noah.escamilla@utexas.edu>
Date:   Thu Mar 23 14:38:36 2017 -0500

    Merge branch 'dev'

commit 54e891b690bbbbeff2ce35347eac1dbcbbaf3f7d
Author: NoahEscamilla <noah.escamilla@utexas.edu>
Date:   Thu Mar 23 14:37:31 2017 -0500

    adding text to index

commit b3c990109535bc473bd962a28f33a60c6a91eece
Merge: 85d7c50 74caf33
Author: NoahEscamilla <noah.escamilla@utexas.edu>
Date:   Thu Mar 23 13:56:41 2017 -0500

    Merge branch 'dev'

commit 74caf336c95c98a2d6f1caa49a79d057abb49238
Author: NoahEscamilla <noah.escamilla@utexas.edu>
Date:   Thu Mar 23 13:56:19 2017 -0500

    I hate css so much

commit 85d7c50ef155120cff88c32624a19fb8aca5d49a
Merge: 6766073 40c5564
Author: NoahEscamilla <noah.escamilla@utexas.edu>
Date:   Thu Mar 23 13:42:47 2017 -0500

    Merge branch 'dev'

commit 40c556489a4309c72a19f1ba9e8099235a0e3602
Author: NoahEscamilla <noah.escamilla@utexas.edu>
Date:   Thu Mar 23 13:42:33 2017 -0500

    more bullshit

commit 6766073f720e745e2879a38cb5caeb900dc356d4
Merge: d7b5cdb 6d50e35
Author: NoahEscamilla <noah.escamilla@utexas.edu>
Date:   Thu Mar 23 13:38:22 2017 -0500

    Merge branch 'dev'

commit 6d50e35ff3ae6cd2a1aa69527f2a0703d9383bb1
Author: NoahEscamilla <noah.escamilla@utexas.edu>
Date:   Thu Mar 23 13:37:02 2017 -0500

    pushing shitscript

commit d7b5cdb1fad1a041b5f91e1b07896f3a6a67ceae
Merge: bed8a69 0d38d0c
Author: NoahEscamilla <noah.escamilla@utexas.edu>
Date:   Thu Mar 23 13:26:49 2017 -0500

    Merge branch 'dev'

commit 0d38d0c63fc35d9a9af795870a9519fd9b949e2a
Author: NoahEscamilla <noah.escamilla@utexas.edu>
Date:   Thu Mar 23 13:26:36 2017 -0500

    more new css

commit bed8a69f77b63e370611070da8a3a4ad8772bef7
Merge: be41dca 59abd8e
Author: NoahEscamilla <noah.escamilla@utexas.edu>
Date:   Thu Mar 23 13:18:37 2017 -0500

    Merge branch 'dev'

commit 59abd8e81a82fdaa04b4a50e239854ecd77cef55
Author: NoahEscamilla <noah.escamilla@utexas.edu>
Date:   Thu Mar 23 13:18:14 2017 -0500

    still debuggingggggg yay

commit be41dcaa037cb60b10691e89ebd6d49f07aa777a
Merge: 87375d9 6a3eee0
Author: NoahEscamilla <noah.escamilla@utexas.edu>
Date:   Thu Mar 23 13:15:05 2017 -0500

    Merge branch 'dev'

commit 6a3eee0d5ca1d26a61efd09520db12fb70a85bc3
Author: NoahEscamilla <noah.escamilla@utexas.edu>
Date:   Thu Mar 23 13:14:47 2017 -0500

    still debugging css

commit 87375d91403989e555e37be7bec5c7c61cd768fa
Merge: b8bd141 4362881
Author: NoahEscamilla <noah.escamilla@utexas.edu>
Date:   Thu Mar 23 13:08:44 2017 -0500

    Merge branch 'dev'

commit 436288107c53bfee2c085db20dd5374ac6b2b15b
Author: NoahEscamilla <noah.escamilla@utexas.edu>
Date:   Thu Mar 23 13:08:06 2017 -0500

    I can't spell jumbotron

commit 27179cf65964f295a639368294e69b5cf26a2cfb
Merge: 79042ba d63927c
Author: NoahEscamilla <noah.escamilla@utexas.edu>
Date:   Thu Mar 23 13:07:55 2017 -0500

    Merge branch 'dev' of https://github.com/mnix13/mnix13.github.io into dev

commit b8bd1410e9fbe9e2c2cedc500e64095cd4a63a83
Merge: 6dd78f8 d98e462
Author: NoahEscamilla <noah.escamilla@utexas.edu>
Date:   Thu Mar 23 13:03:03 2017 -0500

    Merge branch 'master' of https://github.com/mnix13/mnix13.github.io

commit 6dd78f894411376b142b9aa586b974edd4e05019
Merge: edca5a6 79042ba
Author: NoahEscamilla <noah.escamilla@utexas.edu>
Date:   Thu Mar 23 13:02:15 2017 -0500

    Merge branch 'dev'

commit 79042baf170c48d42704ed2d3f17450894d77953
Author: NoahEscamilla <noah.escamilla@utexas.edu>
Date:   Thu Mar 23 13:01:34 2017 -0500

    Troubleshooting the CSS

commit d98e4621de9b90b4a439941cc55d5dd3fc8ac82b
Merge: edca5a6 d63927c
Author: mnix13 <mnix@utexas.edu>
Date:   Thu Mar 23 12:55:07 2017 -0500

    Merge branch 'dev'

commit d63927ca9d95efc313723d63496afdf6488ea83f
Author: mnix13 <mnix@utexas.edu>
Date:   Thu Mar 23 12:54:47 2017 -0500

    added js to about tools

commit edca5a610c000856ba099b35a33d757c8f4ab870
Merge: 9446c3a 560f37b
Author: NoahEscamilla <noah.escamilla@utexas.edu>
Date:   Thu Mar 23 12:52:03 2017 -0500

    Merge branch 'dev'

commit 560f37b5a6acb0c4ad2f34671c8ea5cecad1f7ba
Merge: 2bd60bb 9a58896
Author: NoahEscamilla <noah.escamilla@utexas.edu>
Date:   Thu Mar 23 12:51:38 2017 -0500

    Merge branch 'dev' of https://github.com/mnix13/mnix13.github.io into dev

commit 2bd60bba00a60b8c06bfa5d0f3fa0101a6b26996
Author: NoahEscamilla <noah.escamilla@utexas.edu>
Date:   Thu Mar 23 12:51:22 2017 -0500

    changing index pages

commit 9446c3ab9142ec0fcac27c7bf4946fe42ae1c621
Merge: 0518e67 9a58896
Author: Arti Kumar <artikumar@utexas.edu>
Date:   Thu Mar 23 12:49:21 2017 -0500

    Merge branch 'dev'

commit 9a5889614b5b00a5bb02835f480f1b96cba1012c
Author: Arti Kumar <artikumar@utexas.edu>
Date:   Thu Mar 23 12:48:53 2017 -0500

    added db diagram for git wiki

commit 0518e670456d34538521af3bfacbcce5b4dbfc05
Author: Ian Mobbs <ianmobbs@gmail.com>
Date:   Thu Mar 23 10:32:47 2017 -0500

    added info

commit 1116bea78ed6fb3965f6ca7771a6227243092273
Merge: 0a5c51b fef8b65
Author: Arti Kumar <artikumar@utexas.edu>
Date:   Thu Mar 23 10:15:50 2017 -0500

    Merge branch 'dev'

commit fef8b6539f97addd291d4c5d0e42f3c677165d04
Author: Arti Kumar <artikumar@utexas.edu>
Date:   Thu Mar 23 10:15:37 2017 -0500

    added information to json file

commit 0a5c51b7041c3fc6d14670338f0d2f09f65c547c
Merge: 4a0dd41 96f083c
Author: mnix13 <mnix@utexas.edu>
Date:   Thu Mar 23 10:10:27 2017 -0500

    Merge branch 'dev'

commit 96f083c4bf38f8826f113bcb399afb5290b68a82
Author: mnix13 <mnix@utexas.edu>
Date:   Thu Mar 23 10:10:02 2017 -0500

    added json files

commit 4a0dd4116008e4ac3354971fe886dde5e3437698
Merge: e947d3e 2cb6f21
Author: mnix13 <mnix@utexas.edu>
Date:   Thu Mar 23 10:03:19 2017 -0500

    Merge branch 'dev'

commit 2cb6f21d216d7f6326748eefd91d33ee85761e8a
Author: mnix13 <mnix@utexas.edu>
Date:   Thu Mar 23 10:02:51 2017 -0500

    added group num to about

commit e947d3ea17af854db8271b4ff2152d2ab29e060d
Merge: 6ef0efa 2092f30
Author: mnix13 <mnix@utexas.edu>
Date:   Wed Mar 22 20:33:15 2017 -0500

    Merge branch 'dev'

commit 2092f30f41216d188f318f962755c0f699e00b6a
Author: mnix13 <mnix@utexas.edu>
Date:   Wed Mar 22 20:32:54 2017 -0500

    added tools to about

commit 6ef0efac3091bd554e4c7cff32a1b36ed067856c
Merge: ef1b26f 1a456a0
Author: mnix13 <mnix@utexas.edu>
Date:   Wed Mar 22 20:19:06 2017 -0500

    Merge branch 'dev'

commit 1a456a08e4175c108ec49a59940b037a56f48dd4
Author: mnix13 <mnix@utexas.edu>
Date:   Wed Mar 22 20:18:42 2017 -0500

    still sizing pictures

commit ef1b26f6315ec17120b364150a4561f8d4450b44
Merge: 9fad641 43ef491
Author: mnix13 <mnix@utexas.edu>
Date:   Wed Mar 22 20:09:29 2017 -0500

    Merge branch 'dev'

commit 43ef4911c24a12632ed35c57f214eaf258a367c1
Author: mnix13 <mnix@utexas.edu>
Date:   Wed Mar 22 20:09:11 2017 -0500

    fixed all pics sizes

commit 9fad64156d2e4e536326049305b1995feeca97ac
Merge: b91fb75 deda4ad
Author: mnix13 <mnix@utexas.edu>
Date:   Wed Mar 22 20:08:08 2017 -0500

    Merge branch 'dev'

commit deda4ad86f966c3d2d9ab53746498ae8b50a9ed1
Author: mnix13 <mnix@utexas.edu>
Date:   Wed Mar 22 20:07:47 2017 -0500

    about pic sizing

commit b91fb75fb079e8b2a37890dd5fff4de4d3b17855
Merge: 07a92c9 5e3104d
Author: mnix13 <mnix@utexas.edu>
Date:   Wed Mar 22 20:06:47 2017 -0500

    Merge branch 'dev'

commit 5e3104d9f29cc0a4b890951d32dbd9b5b13c2047
Author: mnix13 <mnix@utexas.edu>
Date:   Wed Mar 22 20:06:24 2017 -0500

    fixing sizing of about pictures

commit 07a92c9b9e55a48b744abc94044a289c30c92963
Merge: 2f884be 7b31049
Author: mnix13 <mnix@utexas.edu>
Date:   Wed Mar 22 20:02:12 2017 -0500

    Merge branch 'dev'

commit 7b31049e51c61c49d2474257f9a27871fee9c489
Author: mnix13 <mnix@utexas.edu>
Date:   Wed Mar 22 20:01:43 2017 -0500

    updated responsibilites on about

commit 2f884be1a9ef3e1da7db03eea8f3e37e4d08485d
Merge: fbe2f8d 5995ee7
Author: mnix13 <mnix@utexas.edu>
Date:   Wed Mar 22 19:51:41 2017 -0500

    Merge branch 'dev'

commit 5995ee772cd88582f074283db98910751e73e253
Author: mnix13 <mnix@utexas.edu>
Date:   Wed Mar 22 19:51:15 2017 -0500

    salad formatting fix

commit fbe2f8d6988c6f220d3d00242662c7e389d2a077
Merge: c30039d 9265ac8
Author: mnix13 <mnix@utexas.edu>
Date:   Wed Mar 22 19:49:14 2017 -0500

    Merge branch 'dev'

commit 9265ac8baf1caed6ac082f8f4413ec32c6de6196
Author: mnix13 <mnix@utexas.edu>
Date:   Wed Mar 22 19:48:36 2017 -0500

    added ingredients to recipes home page

commit c30039d9a8b6eb5e32099ad652fa144ec409d359
Author: mnix13 <mnix@utexas.edu>
Date:   Wed Mar 22 19:40:18 2017 -0500

    links on ingredients page

commit 4aa3df37f82506970b4906404efb716c848c2f11
Merge: c37a246 cf7f45d
Author: Arti Kumar <artikumar@utexas.edu>
Date:   Wed Mar 22 19:23:23 2017 -0500

    Merge branch 'dev'

commit cf7f45dbb1cc2d00db200cd0d7224e9237f01fed
Author: Arti Kumar <artikumar@utexas.edu>
Date:   Wed Mar 22 19:22:49 2017 -0500

    fixed links for cuisine pages

commit c37a2466eeddef8198c45d9d02c314b4ea0b17b4
Merge: 49edeb8 526f53d
Author: Arti Kumar <artikumar@utexas.edu>
Date:   Wed Mar 22 19:17:49 2017 -0500

    Merge branch 'dev'

commit 526f53d8f158a5284e38d0afc55b0cada0ce0628
Author: Arti Kumar <artikumar@utexas.edu>
Date:   Wed Mar 22 19:16:31 2017 -0500

    added content to each cuisine page

commit 49edeb801505deac7ebe0c6d7e4c764ef25f8bee
Merge: 0e7efd0 d5abd2e
Author: NoahEscamilla <noah.escamilla@utexas.edu>
Date:   Wed Mar 22 19:15:05 2017 -0500

    Merge branch 'master' of https://github.com/mnix13/mnix13.github.io

commit 0e7efd091ebcbe4cc6971b3ad96948cb39a0b46d
Merge: 94c4b28 cf68b99
Author: NoahEscamilla <noah.escamilla@utexas.edu>
Date:   Wed Mar 22 19:15:01 2017 -0500

    Merge branch 'dev'

commit cf68b99ea78734dd10b95dd231243603d4af8840
Merge: 2f5a60d 282403f
Author: NoahEscamilla <noah.escamilla@utexas.edu>
Date:   Wed Mar 22 19:14:38 2017 -0500

    Merge branch 'dev' of https://github.com/mnix13/mnix13.github.io into dev

commit d5abd2e6d89d33e8a77fe2e8a5c20596682947b5
Merge: f9a00fd 282403f
Author: DESKTOP-97VBMJ4\cassa <cassandrag0626@Utexas.edu>
Date:   Wed Mar 22 19:14:09 2017 -0500

    Merge branch 'dev'

commit 2f5a60d906ce65bab45ab028b02b2a6752c387e4
Author: NoahEscamilla <noah.escamilla@utexas.edu>
Date:   Wed Mar 22 19:14:02 2017 -0500

    changing more yellow onions to onions

commit 282403f9aec3a17678b8f69481327dd7651365b0
Author: DESKTOP-97VBMJ4\cassa <cassandrag0626@Utexas.edu>
Date:   Wed Mar 22 19:13:50 2017 -0500

    updated onions

commit f9a00fddcf50de193492c06a74a568e2f211b94f
Merge: 94c4b28 8916c5b
Author: Arti Kumar <artikumar@utexas.edu>
Date:   Wed Mar 22 19:11:15 2017 -0500

    Merge branch 'dev'

commit 8916c5b1da3e1a8ae979f39fac5ece8faf7deae9
Merge: f574f95 7c2712a
Author: Arti Kumar <artikumar@utexas.edu>
Date:   Wed Mar 22 19:10:30 2017 -0500

    Merge branch 'dev' of https://github.com/mnix13/mnix13.github.io into dev

commit 94c4b28b4901078ddcbaaeff63a1028443abbfc9
Merge: 8905227 773a7ef
Author: NoahEscamilla <noah.escamilla@utexas.edu>
Date:   Wed Mar 22 19:10:17 2017 -0500

    Merge branch 'master' of https://github.com/mnix13/mnix13.github.io

commit f574f95056938ea3afee9b9d91e152115ffd9485
Author: Arti Kumar <artikumar@utexas.edu>
Date:   Wed Mar 22 19:10:09 2017 -0500

    fixed picture format in american.html

commit 89052278fe53808484983cf0e88d699cc0d014fb
Merge: d7048c7 7c2712a
Author: NoahEscamilla <noah.escamilla@utexas.edu>
Date:   Wed Mar 22 19:09:49 2017 -0500

    Merge branch 'dev'

commit 7c2712ace8833f7ccecb3f08557c16b603965a75
Author: NoahEscamilla <noah.escamilla@utexas.edu>
Date:   Wed Mar 22 19:09:35 2017 -0500

    got rid of yellow, everywhere

commit 64a1c0f480f5c945e82c51f81c03396e55844e90
Merge: 01081a5 ca6811f
Author: Arti Kumar <artikumar@utexas.edu>
Date:   Wed Mar 22 19:08:24 2017 -0500

    Merge branch 'dev' of https://github.com/mnix13/mnix13.github.io into dev

commit 773a7effbd8ba72d0041003763723485506584b6
Merge: dab2a47 d7048c7
Author: Arti Kumar <artikumar@utexas.edu>
Date:   Wed Mar 22 19:06:27 2017 -0500

    Merge branch 'master' of https://github.com/mnix13/mnix13.github.io

commit dab2a4770dd1307b11f3d5286bf593d9940e3a3f
Merge: fd7d6d9 01081a5
Author: Arti Kumar <artikumar@utexas.edu>
Date:   Wed Mar 22 19:05:59 2017 -0500

    Merge branch 'dev'

commit 01081a5cb2a305da8e50d9c2a287f1f32826448d
Author: Arti Kumar <artikumar@utexas.edu>
Date:   Wed Mar 22 19:05:46 2017 -0500

    added content to American cuisine page

commit d7048c7010ee86174b6efadaa72cb6647b2d6748
Merge: 011b872 ca6811f
Author: NoahEscamilla <noah.escamilla@utexas.edu>
Date:   Wed Mar 22 18:54:42 2017 -0500

    Merge branch 'dev'

commit ca6811f0383c49f402db6a611a53cc4d04c6dee5
Author: NoahEscamilla <noah.escamilla@utexas.edu>
Date:   Wed Mar 22 18:54:26 2017 -0500

    bugfix on pico's link

commit 011b8728731497e4834f631480ea2ae86012c3fa
Merge: 180eb6a 43a15c4
Author: NoahEscamilla <noah.escamilla@utexas.edu>
Date:   Wed Mar 22 18:51:02 2017 -0500

    Merge branch 'dev'

commit 43a15c4f8ea1ebd3e12aaa2272a73a4663795c67
Author: NoahEscamilla <noah.escamilla@utexas.edu>
Date:   Wed Mar 22 18:50:41 2017 -0500

    adding the requirements to 4

commit fd7d6d90f4de0803f445cec50c89383219e6ec55
Merge: 162cc11 180eb6a
Author: Arti Kumar <artikumar@utexas.edu>
Date:   Wed Mar 22 18:50:05 2017 -0500

    Merge branch 'master' of https://github.com/mnix13/mnix13.github.io

commit 180eb6a20bc56be8419501b050a7adae001ddcb3
Merge: b84ecc8 1bbb9ac
Author: NoahEscamilla <noah.escamilla@utexas.edu>
Date:   Wed Mar 22 18:41:58 2017 -0500

    Merge branch 'dev'

commit 1bbb9acfde6043501e3c604a2ef13c9d309739e1
Author: NoahEscamilla <noah.escamilla@utexas.edu>
Date:   Wed Mar 22 18:41:36 2017 -0500

    fixing bugs in recipe pages

commit b84ecc89f02bf4e8174936cce36b090acb462b79
Merge: 2a7ff70 3884e16
Author: NoahEscamilla <noah.escamilla@utexas.edu>
Date:   Wed Mar 22 18:30:49 2017 -0500

    Merge branch 'dev'

commit 3884e16108d642460153233c122bf7c0e3bb523f
Author: NoahEscamilla <noah.escamilla@utexas.edu>
Date:   Wed Mar 22 18:24:01 2017 -0500

    Added 5 attributes and videos to the recipes

commit 2a7ff702e0704cb4e9f7471324905de1bf16e6ed
Author: NoahEscamilla <noah.escamilla@utexas.edu>
Date:   Wed Mar 22 17:50:24 2017 -0500

    added the carrot and onion

commit 162cc1187ce63fad336d6f67f64e7116380ccbfc
Merge: 3cd2439 aa55abe
Author: Arti Kumar <artikumar@utexas.edu>
Date:   Wed Mar 22 17:50:11 2017 -0500

    Merge branch 'dev'

commit aa55abea5ad3fd4eb4bafb27d0bba8815722281d
Merge: 949da6f f1161f9
Author: Arti Kumar <artikumar@utexas.edu>
Date:   Wed Mar 22 17:49:02 2017 -0500

    Merge branch 'dev' of https://github.com/mnix13/mnix13.github.io into dev

commit 3cd2439e9752a14e804196a0a0d395852eb6402f
Merge: 949da6f f1161f9
Author: Arti Kumar <artikumar@utexas.edu>
Date:   Wed Mar 22 17:48:34 2017 -0500

    Merge branch 'master' of https://github.com/mnix13/mnix13.github.io

commit 949da6f0b1064314591c91dd85e6532b41b7c7d1
Author: Arti Kumar <artikumar@utexas.edu>
Date:   Wed Mar 22 17:47:33 2017 -0500

    fixed table colors

commit f1161f90fc253cb262e3787557fa835bafed8aee
Author: NoahEscamilla <noah.escamilla@utexas.edu>
Date:   Wed Mar 22 17:41:26 2017 -0500

    adding onion test

commit 709089a7ecffd280dde440e53428f2162b96436f
Author: Arti Kumar <artikumar@utexas.edu>
Date:   Wed Mar 22 17:30:09 2017 -0500

    fixed background picture for cuisines

commit 6879fc44aab9176f36748bc1354456217e6d4fd1
Author: Arti Kumar <artikumar@utexas.edu>
Date:   Wed Mar 22 17:15:43 2017 -0500

    formatting and background for cuisines.html

commit adb3e07ec23336475e0d0caae4631b5fac3fb9d4
Author: Arti Kumar <artikumar@utexas.edu>
Date:   Wed Mar 22 17:08:10 2017 -0500

    fixed france region picture

commit 9671737c0ae4245b75dee55f101fe35af55c652d
Author: Arti Kumar <artikumar@utexas.edu>
Date:   Wed Mar 22 17:02:06 2017 -0500

    fixed image path for french.jpg

commit 1c996a2962ef51d84b74e53629179744b0e3f8c0
Merge: d431931 6dbd5b2
Author: Arti Kumar <artikumar@utexas.edu>
Date:   Wed Mar 22 16:51:25 2017 -0500

    Merge branch 'dev' of https://github.com/mnix13/mnix13.github.io into dev

commit d43193180ff880ef31baa94b7d25ba1ce0596080
Author: Arti Kumar <artikumar@utexas.edu>
Date:   Wed Mar 22 16:47:33 2017 -0500

    Added content to cuisines.html

commit 6dbd5b2cc273dd95db7a95001576f0a7dcd3e946
Author: DESKTOP-97VBMJ4\cassa <cassandrag0626@Utexas.edu>
Date:   Wed Mar 22 16:46:16 2017 -0500

    added year to cass, about page

commit 39733725715dc36849c7848ceba6191bdcd052f5
Author: DESKTOP-97VBMJ4\cassa <cassandrag0626@Utexas.edu>
Date:   Wed Mar 22 15:33:53 2017 -0500

    cleaning up img dir, got rid of extraneous files

commit fc506313ef3ed6f704c9853755c2c64007cf8979
Author: DESKTOP-97VBMJ4\cassa <cassandrag0626@Utexas.edu>
Date:   Wed Mar 22 15:20:52 2017 -0500

    Bg recipes update again..

commit a54a866e13c01df2ff233458ae0a8aeb4967ef25
Author: DESKTOP-97VBMJ4\cassa <cassandrag0626@Utexas.edu>
Date:   Wed Mar 22 15:20:30 2017 -0500

    Bg recipes update again..

commit 87b0cbd895afc8576b9146949a6c0dbb4967513e
Author: DESKTOP-97VBMJ4\cassa <cassandrag0626@Utexas.edu>
Date:   Wed Mar 22 15:18:10 2017 -0500

    bg recipes.html

commit 162da446400919d4091ec2eb4c12456410185839
Author: DESKTOP-97VBMJ4\cassa <cassandrag0626@Utexas.edu>
Date:   Wed Mar 22 15:16:00 2017 -0500

    update bg recipes.html

commit a06880126f5b4ed1532ea2c3390dad4b56ab3be6
Author: DESKTOP-97VBMJ4\cassa <cassandrag0626@Utexas.edu>
Date:   Wed Mar 22 15:12:10 2017 -0500

    changing bg for rcipes.html

commit 92fde03316e40ca699c1e507cb87e4cfebf6e6e1
Author: DESKTOP-97VBMJ4\cassa <cassandrag0626@Utexas.edu>
Date:   Wed Mar 22 15:07:05 2017 -0500

    changing bg for recipes.html

commit 7cd33241fd3d0f7935adeaf98a41eaaab6bf445f
Author: DESKTOP-97VBMJ4\cassa <cassandrag0626@Utexas.edu>
Date:   Wed Mar 22 15:01:41 2017 -0500

    quick fix to bg image recipes.html

commit de1859356373a9e3889599dabdcbeb580cf87b97
Author: DESKTOP-97VBMJ4\cassa <cassandrag0626@Utexas.edu>
Date:   Wed Mar 22 15:00:50 2017 -0500

    quick fix to bg image recipes.html

commit 4523e0a4a0dd9ecf1eab70ef11cd1532f9416f74
Author: DESKTOP-97VBMJ4\cassa <cassandrag0626@Utexas.edu>
Date:   Wed Mar 22 14:59:05 2017 -0500

    added bg image for recipes.html

commit 7815fcc10086b963d3b5f133b4074e0887fa06f7
Author: DESKTOP-97VBMJ4\cassa <cassandrag0626@Utexas.edu>
Date:   Wed Mar 22 14:46:20 2017 -0500

    delete producers column in table. Finished ingredients.html

commit 69890e83f8ae69247f7f469364b6d2310135dfde
Author: DESKTOP-97VBMJ4\cassa <cassandrag0626@Utexas.edu>
Date:   Wed Mar 22 14:43:24 2017 -0500

    completed ingredients.html

commit 65fba0a72f4934121d3363dbcef994f3aed5c037
Author: Ian Mobbs <ianmobbs@gmail.com>
Date:   Wed Mar 22 13:33:12 2017 -0500

    Added all recipes and cuisines to ingredients

commit 8265499b5f7a90977c991f7bb3a31ca6d67558ba
Author: Ian Mobbs <ianmobbs@gmail.com>
Date:   Wed Mar 22 13:29:02 2017 -0500

    Added appearance and calories attributes to recipes

commit ce66adf15d36421e4fe62f4b9353e3e53867f514
Author: Ian Mobbs <ianmobbs@gmail.com>
Date:   Wed Mar 22 13:20:40 2017 -0500

    Added salad recipe

commit b955ac1d93a8e8257b23031836081dcdc216b5ca
Author: Ian Mobbs <ianmobbs@gmail.com>
Date:   Wed Mar 22 13:10:39 2017 -0500

    Added pico recipe

commit f12cf134d204bf399211331843cf59b466f8322e
Author: Ian Mobbs <ianmobbs@gmail.com>
Date:   Wed Mar 22 13:06:51 2017 -0500

    Fixed image size

commit 524665cc4a84db00fc5e8479b97fd1bcfab66465
Author: Ian Mobbs <ianmobbs@gmail.com>
Date:   Wed Mar 22 13:06:14 2017 -0500

    Reorganized mirepoix

commit ac7bd6a435d787675f6fcd5d7ece57a1ac5d2e73
Author: Ian Mobbs <ianmobbs@gmail.com>
Date:   Wed Mar 22 13:03:03 2017 -0500

    Fixed Mirepoix links

commit bcad2468c96e344d6d606172a14b1752d288675f
Author: Ian Mobbs <ianmobbs@gmail.com>
Date:   Wed Mar 22 13:01:43 2017 -0500

    Removed recipes h1 styling

commit b37f129f1ead1dc1834261cfb56c57b914149652
Author: Ian Mobbs <ianmobbs@gmail.com>
Date:   Wed Mar 22 13:01:07 2017 -0500

    Moved table to main div

commit 322804d0e4f37e8e1d20f458b38605f082fc9628
Author: Ian Mobbs <ianmobbs@gmail.com>
Date:   Wed Mar 22 13:00:02 2017 -0500

    Finished recipes home page

commit 255ff5b2573de0f9139cccaec75afd19ad0d02bf
Author: Ian Mobbs <ianmobbs@gmail.com>
Date:   Wed Mar 22 12:57:31 2017 -0500

    Fixed recipes template page

commit 9ce94291e997937e8955df4c142a5de9ff5b54cb
Author: Ian Mobbs <ianmobbs@gmail.com>
Date:   Wed Mar 22 12:55:30 2017 -0500

    Added images

commit 2d4f8b6632b9eda2e3a8f0112b264d23db2e36a9
Merge: fe9f950 b076eaf
Author: Ian Mobbs <ianmobbs@gmail.com>
Date:   Wed Mar 22 12:52:21 2017 -0500

    Merge branch 'master' of https://github.com/mnix13/mnix13.github.io

commit fe9f950adb7b77e920b651bb6ace56783e584f2a
Author: Ian Mobbs <ianmobbs@gmail.com>
Date:   Wed Mar 22 12:52:16 2017 -0500

    Added carrot

commit b076eaff66ce1bba848fe3229e51a068fed62352
Merge: fc7aa56 803fbd7
Author: DESKTOP-97VBMJ4\cassa <cassandrag0626@Utexas.edu>
Date:   Wed Mar 22 12:49:14 2017 -0500

    Merge branch 'master' of https://github.com/mnix13/mnix13.github.io

commit fc7aa5608a23b8edde0969b73f8cbb823fc2a000
Merge: 9dfbae5 92a0102
Author: DESKTOP-97VBMJ4\cassa <cassandrag0626@Utexas.edu>
Date:   Wed Mar 22 12:48:31 2017 -0500

    Merge branch 'dev'

commit 803fbd79f4d611cac420c883f59bccda523d5694
Author: Ian Mobbs <ianmobbs@gmail.com>
Date:   Wed Mar 22 12:48:26 2017 -0500

    Added celery

commit 9dfbae57bdb3c2b9ba16a54224fcd85354b50607
Merge: 68959b8 1278b33
Author: DESKTOP-97VBMJ4\cassa <cassandrag0626@Utexas.edu>
Date:   Wed Mar 22 12:48:22 2017 -0500

    Merge branch 'master' of https://github.com/mnix13/mnix13.github.io

commit 92a01027a0e76e52f513fa238a3ceaae44344dff
Author: DESKTOP-97VBMJ4\cassa <cassandrag0626@Utexas.edu>
Date:   Wed Mar 22 12:48:01 2017 -0500

    updated bg

commit 68959b829cc7296e880095ba7e0b652923a2e33f
Author: DESKTOP-97VBMJ4\cassa <cassandrag0626@Utexas.edu>
Date:   Wed Mar 22 12:46:16 2017 -0500

    updated bg image

commit 1278b3343d464317f8260c95873a93ed191f54a6
Merge: bae060d 240f439
Author: Ian Mobbs <ianmobbs@gmail.com>
Date:   Wed Mar 22 12:44:23 2017 -0500

    Merge branch 'master' of https://github.com/mnix13/mnix13.github.io

commit bae060dcc6faa5286e9b1d8a56fd6aed03706d6d
Author: Ian Mobbs <ianmobbs@gmail.com>
Date:   Wed Mar 22 12:44:17 2017 -0500

    Added onion page

commit 240f439421aac78caf6c697e33c73e9a4df7d3e4
Author: DESKTOP-97VBMJ4\cassa <cassandrag0626@Utexas.edu>
Date:   Wed Mar 22 12:41:22 2017 -0500

    changed bg image ingredients.html

commit ccd514f06163e42928127b6857d72671e33a3215
Author: DESKTOP-97VBMJ4\cassa <cassandrag0626@Utexas.edu>
Date:   Wed Mar 22 12:38:54 2017 -0500

    changed bg image ingredients.html

commit d2cb8fb60471b9e6d681a6093d92bac4c90c2788
Author: DESKTOP-97VBMJ4\cassa <cassandrag0626@Utexas.edu>
Date:   Wed Mar 22 12:28:00 2017 -0500

    updated table column name, ingredients.html

commit 38176051e517d733fc765768d2ebebd157238e9c
Author: DESKTOP-97VBMJ4\cassa <cassandrag0626@Utexas.edu>
Date:   Wed Mar 22 12:26:25 2017 -0500

    removed india fron producers

commit 42ab4e0d51e9dd0d8b1cec209a6e29a4fb84e168
Author: DESKTOP-97VBMJ4\cassa <cassandrag0626@Utexas.edu>
Date:   Wed Mar 22 12:23:58 2017 -0500

    moved images from ingre. dir to static/img

commit ab3c76a6a09299edea02aca6c34f678a06a20c60
Author: DESKTOP-97VBMJ4\cassa <cassandrag0626@Utexas.edu>
Date:   Wed Mar 22 12:18:25 2017 -0500

    updated bg image ingredients.html

commit 06fc2a157e089e2482e0b2356ebefad1d2d630bd
Author: DESKTOP-97VBMJ4\cassa <cassandrag0626@Utexas.edu>
Date:   Wed Mar 22 12:14:01 2017 -0500

    added background image

commit 86773f56557f7ba4e74a24473bce6bf2aca31f14
Author: NoahEscamilla <noah.escamilla@utexas.edu>
Date:   Wed Mar 22 12:00:20 2017 -0500

    finishing up Mirepoix

commit 80724faa19ceb02882b9dcaefc5405c7b332f119
Author: DESKTOP-97VBMJ4\cassa <cassandrag0626@Utexas.edu>
Date:   Wed Mar 22 11:48:07 2017 -0500

    adjusting bullet points, additional props in ingredients.html

commit f8ad756903af4834a1eabd66962551753f9d8b86
Author: DESKTOP-97VBMJ4\cassa <cassandrag0626@Utexas.edu>
Date:   Wed Mar 22 11:43:08 2017 -0500

    modified ingredients.html for strucutre of page layout

commit fbea47cb71653e34c9f9e710979a10f3fad9ebaa
Author: DESKTOP-97VBMJ4\cassa <cassandrag0626@Utexas.edu>
Date:   Wed Mar 22 11:32:24 2017 -0500

    modified ingredients.html, got rid of jpg images in script

commit b5bc51fb6137fa811472ffd30340467961a7e853
Merge: b263d22 3299c38
Author: NoahEscamilla <noah.escamilla@utexas.edu>
Date:   Wed Mar 22 11:13:18 2017 -0500

    Merge https://github.com/mnix13/mnix13.github.io into dev

commit b263d22b4c04625dee2dd4f1d6e2c980e49eea8a
Author: NoahEscamilla <noah.escamilla@utexas.edu>
Date:   Wed Mar 22 11:09:47 2017 -0500

    Added content for testing

commit 3299c381ee1ebd53c481fef9747d9a8f523bdde1
Author: mnix13 <mnix@utexas.edu>
Date:   Wed Mar 22 10:45:31 2017 -0500

    updated cuisine pillar page

commit f3d0ff71b89309d5097aa529f4e87f5b962b94e7
Author: mnix13 <mnix@utexas.edu>
Date:   Wed Mar 22 10:40:43 2017 -0500

    updated structure of pillar pages

commit 4ff6fd90d912c9944192eebae86c6f864c65a896
Author: mnix13 <mnix@utexas.edu>
Date:   Wed Mar 22 10:30:56 2017 -0500

    updated ingredients home page

commit e25700c2fe57ee3a62dbb635c9429ad7916d61c1
Author: mnix13 <mnix@utexas.edu>
Date:   Wed Mar 22 10:06:24 2017 -0500

    data links on about

commit 7b26d3d3d10f4d471cced0d97ca4c3dd73d5ff59
Author: mnix13 <mnix@utexas.edu>
Date:   Wed Mar 22 10:02:41 2017 -0500

    about type & data links

commit fa110a69aa0dbff952ec2a1c4ce12992824363c4
Author: mnix13 <mnix@utexas.edu>
Date:   Wed Mar 22 09:55:24 2017 -0500

    arti's photo added to about

commit 801b804368c2b7dd8fc3676025dfeb916838de89
Author: mnix13 <mnix@utexas.edu>
Date:   Wed Mar 22 09:47:38 2017 -0500

    added picture to index

commit 77c9270cb9a28635736082cfffdcf354d6b51fd1
Author: DESKTOP-97VBMJ4\cassa <cassandrag0626@Utexas.edu>
Date:   Tue Mar 21 23:45:07 2017 -0500

    switched ginger to celery

commit 9eebb8403632fd779ba33e94dbb7c986eb4c3d68
Author: DESKTOP-97VBMJ4\cassa <cassandrag0626@Utexas.edu>
Date:   Tue Mar 21 23:31:51 2017 -0500

    ..

commit e9a70a6c059dbfa4d72b340977f06464c29c1a67
Author: DESKTOP-97VBMJ4\cassa <cassandrag0626@Utexas.edu>
Date:   Tue Mar 21 23:27:10 2017 -0500

    added images to ingredients

commit 85341b5a591725f70918a7c6fc6d1276f29d2b95
Author: DESKTOP-97VBMJ4\cassa <cassandrag0626@Utexas.edu>
Date:   Tue Mar 21 23:24:18 2017 -0500

    dir structure

commit 748dd2cf10d160803fd0533c8a9394d4d157cc81
Author: DESKTOP-97VBMJ4\cassa <cassandrag0626@Utexas.edu>
Date:   Tue Mar 21 23:22:09 2017 -0500

    models

commit b6993a115d823ac570786883407c333627e473c4
Author: Ian Mobbs <ianmobbs@gmail.com>
Date:   Tue Mar 21 23:10:53 2017 -0500

    fixed typo

commit bde26b10c012aa494939ed5b7e4a821329b1679a
Author: Ian Mobbs <ianmobbs@gmail.com>
Date:   Tue Mar 21 23:09:50 2017 -0500

    Added sitemap

commit d3dc7c1da5931789208fb2bb43085fca02f4b60b
Author: Ian Mobbs <ianmobbs@gmail.com>
Date:   Tue Mar 21 23:02:20 2017 -0500

    fixed typo

commit 5cfdcaec47a7b6b41e4cd1ed5b04705d49773259
Author: Ian Mobbs <ianmobbs@gmail.com>
Date:   Tue Mar 21 22:54:01 2017 -0500

    Added cuisine and recipe boilerplate

commit 25dfe791ddae538360c55b176bad70a8cc597cc8
Author: Ian Mobbs <ianmobbs@gmail.com>
Date:   Tue Mar 21 22:52:09 2017 -0500

    Added ingredients boilerplate

commit ee9f2154520d8b0c5e7e443fd5ee22971e2a1894
Author: Ian Mobbs <ianmobbs@gmail.com>
Date:   Tue Mar 21 22:50:36 2017 -0500

    Added boilerplate files

commit c86dfebf80350338383eeb340a797238edaa7169
Author: Ian Mobbs <ianmobbs@gmail.com>
Date:   Tue Mar 21 22:49:43 2017 -0500

    Added all hyperlinks

commit 5d60028fc471f8dcddef9cdcacc90f993a4be090
Author: Ian Mobbs <ianmobbs@gmail.com>
Date:   Tue Mar 21 22:43:25 2017 -0500

    Added / to filepaths

commit 399ca7fbf654be725fba55844f69e9a65d8591f0
Author: Ian Mobbs <ianmobbs@gmail.com>
Date:   Tue Mar 21 22:42:15 2017 -0500

    Added links to pages

commit 3b420a345c00c8c14762eef4d9cb3706635902f2
Author: Ian Mobbs <ianmobbs@gmail.com>
Date:   Tue Mar 21 22:29:11 2017 -0500

    UPdated template

commit 702320d960cad3fed54cdce9a62b78ac9661091d
Author: Ian Mobbs <ianmobbs@gmail.com>
Date:   Tue Mar 21 22:27:38 2017 -0500

    reorganized files

commit b42acca6135d02afb35fe2244d2f652d41524618
Author: mnix13 <mnix@utexas.edu>
Date:   Tue Mar 21 21:50:49 2017 -0500

    fixing picture on splash

commit 580310d9974bb7848123d69e562a8e9a6248d036
Author: mnix13 <mnix@utexas.edu>
Date:   Tue Mar 21 21:49:10 2017 -0500

    updating splash & about

commit 5275be9178b137f7a1c0ec682eb58477338ed4c0
Merge: 9f04043 a46aabf
Author: mnix13 <mnix@utexas.edu>
Date:   Tue Mar 21 21:33:26 2017 -0500

    about please work

commit 9f04043abad093a08b16cb9a388b2b62addf442d
Author: mnix13 <mnix@utexas.edu>
Date:   Tue Mar 21 21:31:54 2017 -0500

    adding more pictures

commit 06611a6448675eace734d78345f75f7f5ba5311f
Merge: 81dbe4a fcbb123
Author: mnix13 <mnix@utexas.edu>
Date:   Tue Mar 21 21:28:21 2017 -0500

    more pictures added to about

commit a46aabf173182fb6b95b2f9c33f85fd552000f08
Author: DESKTOP-97VBMJ4\cassa <cassandrag0626@Utexas.edu>
Date:   Tue Mar 21 21:16:00 2017 -0500

    fixing about.html

commit 690649d3ce6329267e20f90f88b6e960ef45074b
Merge: 81dbe4a 9e0597e
Author: DESKTOP-97VBMJ4\cassa <cassandrag0626@Utexas.edu>
Date:   Tue Mar 21 21:14:56 2017 -0500

    resolving about conflict

commit 9e0597ee31286f10c75f19364812ba5c35c25030
Author: DESKTOP-97VBMJ4\cassa <cassandrag0626@Utexas.edu>
Date:   Tue Mar 21 21:14:40 2017 -0500

    testing

commit 81dbe4ad12855dc336e1c71f3ec95a7bfe5e1759
Author: mnix13 <mnix@utexas.edu>
Date:   Tue Mar 21 21:08:55 2017 -0500

    group name

commit 175bbcdcf18d6922c01176562987ca69d0af9ab0
Merge: e14a002 8ab8be5
Author: DESKTOP-97VBMJ4\cassa <cassandrag0626@Utexas.edu>
Date:   Tue Mar 21 21:04:39 2017 -0500

     testing Merge branch 'dev' of https://github.com/mnix13/mnix13.github.io into dev

commit b4ae593b9ea869855285fe3eef8a0d5382b2c760
Author: mnix13 <mnix@utexas.edu>
Date:   Tue Mar 21 21:03:07 2017 -0500

    pictures

commit 8ab8be5f603a8304fdf6f98ae0e6e55828048782
Author: NoahEscamilla <noah.escamilla@utexas.edu>
Date:   Tue Mar 21 20:57:04 2017 -0500

    Testing issues in dev

commit f6c73bcc5dc831f2b1c4afc77fc1fc57d4819e7d
Author: mnix13 <mnix@utexas.edu>
Date:   Tue Mar 21 20:55:29 2017 -0500

    adding pictures to about

commit 20d3a9d61fcf2cd516d522c73db31a67a9cd5c3b
Merge: 560a2b2 6a44e79
Author: mnix13 <mnix@utexas.edu>
Date:   Tue Mar 21 20:54:56 2017 -0500

    Merge branch 'master' of https://github.com/mnix13/mnix13.github.io

commit 6a44e79ccd3765a05ef024528c7817250049af3f
Merge: db9469a e14a002
Author: DESKTOP-97VBMJ4\cassa <cassandrag0626@Utexas.edu>
Date:   Tue Mar 21 20:38:32 2017 -0500

    Merge branch 'dev'
    
    Created ingredients.html

commit e14a0027fd64a902fa9fe470538f81f3d6271237
Author: DESKTOP-97VBMJ4\cassa <cassandrag0626@Utexas.edu>
Date:   Tue Mar 21 20:38:17 2017 -0500

    created ingredients.html

commit db9469a85f51b97659941ffb8d4f8ade6c456d3f
Merge: f6e585d cdb5afb
Author: DESKTOP-97VBMJ4\cassa <cassandrag0626@Utexas.edu>
Date:   Tue Mar 21 20:36:36 2017 -0500

    Merge branch 'master' of https://github.com/mnix13/mnix13.github.io

commit fcbb123f6762252ec43ba427986f65444cbd9921
Author: mnix13 <mnix@utexas.edu>
Date:   Tue Mar 21 19:53:36 2017 -0500

    updating about.html

commit cdb5afb59b881ea19589219fe075a0eeaf387ec3
Author: Ian Mobbs <ianmobbs@gmail.com>
Date:   Tue Mar 21 19:44:53 2017 -0500

    Added stuff to nav

commit 04475739ab9e1eb5f10ef626fb65023399fe3edf
Author: Ian Mobbs <ianmobbs@gmail.com>
Date:   Tue Mar 21 19:41:01 2017 -0500

    Fixed template and added styles

commit bf6042099df75568e1712849f4c5471865c18613
Author: mnix13 <mnix@utexas.edu>
Date:   Tue Mar 21 19:30:00 2017 -0500

    about.html

commit 560a2b23f030d9c7503635cdb3e0091a97c6330a
Merge: 05b6bfd f6e585d
Author: mnix13 <mnix@utexas.edu>
Date:   Tue Mar 21 19:25:46 2017 -0500

    Merge branch 'master' of https://github.com/mnix13/mnix13.github.io

commit 05b6bfdd5c45a98bfd6ca0188b0a3a6c93845a60
Author: mnix13 <mnix@utexas.edu>
Date:   Tue Mar 21 19:25:13 2017 -0500

    about.html

commit f6e585d0fc77e4af91b25cd356a60873ce14fe6d
Merge: 0e3faf6 a6e7465
Author: DESKTOP-97VBMJ4\cassa <cassandrag0626@Utexas.edu>
Date:   Tue Mar 21 19:16:17 2017 -0500

    Merge branch 'dev'
    
     adding ingredients page.

commit a6e746569dae57dc632c0a7ab14a4782cf6f0951
Author: DESKTOP-97VBMJ4\cassa <cassandrag0626@Utexas.edu>
Date:   Tue Mar 21 19:16:02 2017 -0500

    adding ingredients page

commit 0e3faf6723da5b36b3ccd295f66754703444a6e2
Author: mnix13 <mnix@utexas.edu>
Date:   Tue Mar 21 19:10:49 2017 -0500

    about.html

commit 3eca0b6ec9c7f6bb292b127b54fc2360813a3587
Author: Ian Mobbs <ianmobbs@gmail.com>
Date:   Tue Mar 21 12:30:57 2017 -0500

    added template file

commit dda95148cc77822fcc22a1204baea3d018f420c9
Author: mnix13 <mnix@utexas.edu>
Date:   Mon Mar 20 21:17:55 2017 -0500

    Added CNAME file for custom domain (cs329e-food.me)

commit bc6ee15156aa37f8b1bb337f38088f0a3a03c86f
Author: mnix13 <mnix@utexas.edu>
Date:   Mon Mar 20 21:11:09 2017 -0500

    created index.html

commit d18b7f3f13ff632f02f0db385ed316f90fdc4745
Author: mnix13 <mnix@utexas.edu>
Date:   Mon Mar 20 21:10:10 2017 -0500

    Initial commit

commit 78d4d207a52252731b04ec099ff0b53ae8c86f1d
Author: mnix13 <mnix@utexas.edu>
Date:   Mon Mar 20 20:47:11 2017 -0500

    Initial commit
